{"contracts\\Bridge.sol":{"l":{"24":42,"25":42,"26":42,"27":42,"31":43,"32":42,"36":42,"40":10,"44":19,"45":18,"46":17,"47":16,"49":15,"51":15,"52":15,"54":15,"58":19,"59":18,"61":17,"62":17,"63":16,"65":15,"66":15,"68":15,"72":84,"82":33},"path":"C:\\Users\\Acer\\Desktop\\_Crypton\\week4\\contracts\\Bridge.sol","s":{"1":42,"2":42,"3":42,"4":42,"5":43,"6":42,"7":42,"8":10,"9":19,"10":18,"11":17,"12":16,"13":15,"14":15,"15":15,"16":19,"17":18,"18":17,"19":17,"20":16,"21":15,"22":15,"23":15,"24":84,"25":33},"b":{"1":[42,1],"2":[18,1],"3":[17,1],"4":[16,1],"5":[15,1],"6":[18,1],"7":[17,1],"8":[16,1],"9":[15,1]},"f":{"1":42,"2":43,"3":42,"4":10,"5":19,"6":19,"7":84,"8":33},"fnMap":{"1":{"name":"constructor","line":23,"loc":{"start":{"line":23,"column":4},"end":{"line":28,"column":4}}},"2":{"name":"createPair","line":30,"loc":{"start":{"line":30,"column":4},"end":{"line":33,"column":4}}},"3":{"name":"setOtherSeparator","line":35,"loc":{"start":{"line":35,"column":4},"end":{"line":37,"column":4}}},"4":{"name":"swap","line":39,"loc":{"start":{"line":39,"column":4},"end":{"line":41,"column":4}}},"5":{"name":"transfer","line":43,"loc":{"start":{"line":43,"column":4},"end":{"line":55,"column":4}}},"6":{"name":"redeem","line":57,"loc":{"start":{"line":57,"column":4},"end":{"line":69,"column":4}}},"7":{"name":"_buildSeparator","line":71,"loc":{"start":{"line":71,"column":4},"end":{"line":79,"column":4}}},"8":{"name":"_getHash","line":81,"loc":{"start":{"line":81,"column":4},"end":{"line":91,"column":4}}}},"statementMap":{"1":{"start":{"line":24,"column":8},"end":{"line":24,"column":30}},"2":{"start":{"line":25,"column":8},"end":{"line":25,"column":96}},"3":{"start":{"line":26,"column":8},"end":{"line":26,"column":81}},"4":{"start":{"line":27,"column":8},"end":{"line":27,"column":27}},"5":{"start":{"line":31,"column":8},"end":{"line":31,"column":71}},"6":{"start":{"line":32,"column":8},"end":{"line":32,"column":43}},"7":{"start":{"line":36,"column":8},"end":{"line":36,"column":79}},"8":{"start":{"line":40,"column":8},"end":{"line":40,"column":53}},"9":{"start":{"line":44,"column":8},"end":{"line":44,"column":71}},"10":{"start":{"line":45,"column":8},"end":{"line":45,"column":67}},"11":{"start":{"line":46,"column":8},"end":{"line":46,"column":76}},"12":{"start":{"line":47,"column":8},"end":{"line":47,"column":51}},"13":{"start":{"line":49,"column":8},"end":{"line":49,"column":73}},"14":{"start":{"line":51,"column":8},"end":{"line":51,"column":90}},"15":{"start":{"line":52,"column":8},"end":{"line":52,"column":100}},"16":{"start":{"line":58,"column":8},"end":{"line":58,"column":62}},"17":{"start":{"line":59,"column":8},"end":{"line":59,"column":112}},"18":{"start":{"line":61,"column":8},"end":{"line":61,"column":120}},"19":{"start":{"line":62,"column":8},"end":{"line":62,"column":74}},"20":{"start":{"line":63,"column":8},"end":{"line":63,"column":72}},"21":{"start":{"line":65,"column":8},"end":{"line":65,"column":33}},"22":{"start":{"line":66,"column":8},"end":{"line":66,"column":55}},"23":{"start":{"line":68,"column":8},"end":{"line":68,"column":89}},"24":{"start":{"line":72,"column":8},"end":{"line":72,"column":3279}},"25":{"start":{"line":82,"column":8},"end":{"line":82,"column":3594}}},"branchMap":{"1":{"line":31,"type":"if","locations":[{"start":{"line":31,"column":8},"end":{"line":31,"column":8}},{"start":{"line":31,"column":8},"end":{"line":31,"column":8}}]},"2":{"line":44,"type":"if","locations":[{"start":{"line":44,"column":8},"end":{"line":44,"column":8}},{"start":{"line":44,"column":8},"end":{"line":44,"column":8}}]},"3":{"line":45,"type":"if","locations":[{"start":{"line":45,"column":8},"end":{"line":45,"column":8}},{"start":{"line":45,"column":8},"end":{"line":45,"column":8}}]},"4":{"line":46,"type":"if","locations":[{"start":{"line":46,"column":8},"end":{"line":46,"column":8}},{"start":{"line":46,"column":8},"end":{"line":46,"column":8}}]},"5":{"line":47,"type":"if","locations":[{"start":{"line":47,"column":8},"end":{"line":47,"column":8}},{"start":{"line":47,"column":8},"end":{"line":47,"column":8}}]},"6":{"line":58,"type":"if","locations":[{"start":{"line":58,"column":8},"end":{"line":58,"column":8}},{"start":{"line":58,"column":8},"end":{"line":58,"column":8}}]},"7":{"line":59,"type":"if","locations":[{"start":{"line":59,"column":8},"end":{"line":59,"column":8}},{"start":{"line":59,"column":8},"end":{"line":59,"column":8}}]},"8":{"line":62,"type":"if","locations":[{"start":{"line":62,"column":8},"end":{"line":62,"column":8}},{"start":{"line":62,"column":8},"end":{"line":62,"column":8}}]},"9":{"line":63,"type":"if","locations":[{"start":{"line":63,"column":8},"end":{"line":63,"column":8}},{"start":{"line":63,"column":8},"end":{"line":63,"column":8}}]}}},"contracts\\ERC20.sol":{"l":{"15":42,"19":72,"20":72,"24":84,"28":57,"32":15},"path":"C:\\Users\\Acer\\Desktop\\_Crypton\\week4\\contracts\\ERC20.sol","s":{"1":42,"2":72,"3":84,"4":57,"5":15},"b":{"1":[72,0]},"f":{"1":42,"2":72,"3":84,"4":57,"5":15},"fnMap":{"1":{"name":"constructor","line":14,"loc":{"start":{"line":13,"column":4},"end":{"line":16,"column":4}}},"2":{"name":"onlyMinter","line":18,"loc":{"start":{"line":18,"column":4},"end":{"line":21,"column":4}}},"3":{"name":"changeRightsToMint","line":23,"loc":{"start":{"line":23,"column":4},"end":{"line":25,"column":4}}},"4":{"name":"mint","line":27,"loc":{"start":{"line":27,"column":4},"end":{"line":29,"column":4}}},"5":{"name":"burn","line":31,"loc":{"start":{"line":31,"column":4},"end":{"line":33,"column":4}}}},"statementMap":{"1":{"start":{"line":15,"column":8},"end":{"line":15,"column":39}},"2":{"start":{"line":19,"column":8},"end":{"line":19,"column":68}},"3":{"start":{"line":24,"column":8},"end":{"line":24,"column":53}},"4":{"start":{"line":28,"column":8},"end":{"line":28,"column":31}},"5":{"start":{"line":32,"column":9},"end":{"line":32,"column":32}}},"branchMap":{"1":{"line":19,"type":"if","locations":[{"start":{"line":19,"column":8},"end":{"line":19,"column":8}},{"start":{"line":19,"column":8},"end":{"line":19,"column":8}}]}}},"contracts\\interfaces\\IERC20Mintable.sol":{"l":{},"path":"C:\\Users\\Acer\\Desktop\\_Crypton\\week4\\contracts\\interfaces\\IERC20Mintable.sol","s":{},"b":{},"f":{},"fnMap":{},"statementMap":{},"branchMap":{}}}